C51 COMPILER V8.08   MAIN                                                                  05/29/2017 19:32:55 PAGE 1   


C51 COMPILER V8.08, COMPILATION OF MODULE MAIN
OBJECT MODULE PLACED IN ..\output\main.obj
COMPILER INVOKED BY: C:\Keil\C51\BIN\C51.EXE ..\source\main.c BROWSE DEBUG OBJECTEXTEND PRINT(.\main.lst) OBJECT(..\outp
                    -ut\main.obj)

line level    source

   1          #define _MAIN_C
   2          #include "config.h"
   3          #include "ds1302.h"
   4          #include "lcd12864.h"
   5          #include "keyboard.h"
   6          #include "time.h"
   7          #include "DHT11.h"
   8          #include "keyboard.h"
   9          #include "main.h"
  10          
  11          SystemMode mMode = ReadDate;
  12          
  13          void main()
  14          {
  15   1              EA = 1; 
  16   1              InitDS1302();                                                                             
  17   1              InitLCD12864();
  18   1              LCDInitImage();
  19   1              ConfigTimerZero(1);
  20   1              ConfigureDHT11();
  21   1              
  22   1              while(1)
  23   1              {
  24   2                      if(mMode == ReadDate){
  25   3                              if(flag200ms){
  26   4                                      flag200ms = 0;
  27   4                                      ShowCurrentTime();
  28   4                              }
  29   3                      }
  30   2                      if(mMode == ReadInfo){
  31   3                              if(flag5s)
  32   3                              {
  33   4                                      flag5s = 0;
  34   4                                      EA = 0;
  35   4                                      ShowTemp();
  36   4                                      EA = 1;
  37   4                              } 
  38   3                      } 
  39   2                      KeyDriver();
  40   2              }
  41   1      }


MODULE INFORMATION:   STATIC OVERLAYABLE
   CODE SIZE        =     53    ----
   CONSTANT SIZE    =   ----    ----
   XDATA SIZE       =   ----    ----
   PDATA SIZE       =   ----    ----
   DATA SIZE        =      1    ----
   IDATA SIZE       =   ----    ----
   BIT SIZE         =   ----    ----
END OF MODULE INFORMATION.


C51 COMPILATION COMPLETE.  0 WARNING(S),  0 ERROR(S)
